This is XeTeX, Version 3.1415926-2.3-0.9997.5 (MiKTeX 2.9) (preloaded format=xelatex 2015.12.24)  9 MAR 2016 20:16
entering extended mode
**Conclusion.tex
("E:\Documents\LaTeX Scripts\Excellent Sentences in Papers\Conclusion.tex"
LaTeX2e <2011/06/27>
Babel <v3.8m> and hyphenation patterns for loaded.
(E:\Programs\Normal\Offline\Editor\CTeX\MiKTeX\tex\latex\ieeetran\IEEEtran.cls
Document Class: IEEEtran 2007/03/05 V1.7a by Michael Shell
-- See the "IEEEtran_HOWTO" manual for usage information.
-- http://www.michaelshell.org/tex/ieeetran/
\@IEEEtrantmpdimenA=\dimen102
\@IEEEtrantmpdimenB=\dimen103
\@IEEEtrantmpcountA=\count80
\@IEEEtrantmpcountB=\count81
\@IEEEtrantmptoksA=\toks14
LaTeX Font Info:    Try loading font information for OT1+ptm on input line 366.

(E:\Programs\Normal\Offline\Editor\CTeX\MiKTeX\tex\latex\psnfss\ot1ptm.fd
File: ot1ptm.fd 2001/06/04 font definitions for OT1/ptm.
)
Requested font "ptmr7t" at 10.0pt
 -> ptmr7t

** ATTENTION: Single column mode is not typically used with IEEE publications.
-- Using 8.5in x 11in (letter) paper.
-- Using DVI output.
\@IEEEnormalsizeunitybaselineskip=\dimen104
-- This is a 10 point document.
\CLASSINFOnormalsizebaselineskip=\dimen105
\CLASSINFOnormalsizeunitybaselineskip=\dimen106
\IEEEnormaljot=\dimen107
Requested font "ptmr7t" at 5.0pt
 -> ptmr7t
LaTeX Font Info:    Font shape `OT1/ptm/bx/n' in size <5> not available
(Font)              Font shape `OT1/ptm/b/n' tried instead on input line 724.
Requested font "ptmb7t" at 5.0pt
 -> ptmb7t
Requested font "ptmri7t" at 5.0pt
 -> ptmri7t
LaTeX Font Info:    Font shape `OT1/ptm/bx/it' in size <5> not available
(Font)              Font shape `OT1/ptm/b/it' tried instead on input line 724.
Requested font "ptmbi7t" at 5.0pt
 -> ptmbi7t
Requested font "ptmr7t" at 7.0pt
 -> ptmr7t
LaTeX Font Info:    Font shape `OT1/ptm/bx/n' in size <7> not available
(Font)              Font shape `OT1/ptm/b/n' tried instead on input line 724.
Requested font "ptmb7t" at 7.0pt
 -> ptmb7t
Requested font "ptmri7t" at 7.0pt
 -> ptmri7t
LaTeX Font Info:    Font shape `OT1/ptm/bx/it' in size <7> not available
(Font)              Font shape `OT1/ptm/b/it' tried instead on input line 724.
Requested font "ptmbi7t" at 7.0pt
 -> ptmbi7t
Requested font "ptmr7t" at 8.0pt
 -> ptmr7t
LaTeX Font Info:    Font shape `OT1/ptm/bx/n' in size <8> not available
(Font)              Font shape `OT1/ptm/b/n' tried instead on input line 724.
Requested font "ptmb7t" at 8.0pt
 -> ptmb7t
Requested font "ptmri7t" at 8.0pt
 -> ptmri7t
LaTeX Font Info:    Font shape `OT1/ptm/bx/it' in size <8> not available
(Font)              Font shape `OT1/ptm/b/it' tried instead on input line 724.
Requested font "ptmbi7t" at 8.0pt
 -> ptmbi7t
Requested font "ptmr7t" at 9.0pt
 -> ptmr7t
LaTeX Font Info:    Font shape `OT1/ptm/bx/n' in size <9> not available
(Font)              Font shape `OT1/ptm/b/n' tried instead on input line 724.
Requested font "ptmb7t" at 9.0pt
 -> ptmb7t
Requested font "ptmri7t" at 9.0pt
 -> ptmri7t
LaTeX Font Info:    Font shape `OT1/ptm/bx/it' in size <9> not available
(Font)              Font shape `OT1/ptm/b/it' tried instead on input line 724.
Requested font "ptmbi7t" at 9.0pt
 -> ptmbi7t
LaTeX Font Info:    Font shape `OT1/ptm/bx/n' in size <10> not available
(Font)              Font shape `OT1/ptm/b/n' tried instead on input line 724.
Requested font "ptmb7t" at 10.0pt
 -> ptmb7t
Requested font "ptmri7t" at 10.0pt
 -> ptmri7t
LaTeX Font Info:    Font shape `OT1/ptm/bx/it' in size <10> not available
(Font)              Font shape `OT1/ptm/b/it' tried instead on input line 724.
Requested font "ptmbi7t" at 10.0pt
 -> ptmbi7t
Requested font "ptmr7t" at 11.0pt
 -> ptmr7t
LaTeX Font Info:    Font shape `OT1/ptm/bx/n' in size <11> not available
(Font)              Font shape `OT1/ptm/b/n' tried instead on input line 724.
Requested font "ptmb7t" at 11.0pt
 -> ptmb7t
Requested font "ptmri7t" at 11.0pt
 -> ptmri7t
LaTeX Font Info:    Font shape `OT1/ptm/bx/it' in size <11> not available
(Font)              Font shape `OT1/ptm/b/it' tried instead on input line 724.
Requested font "ptmbi7t" at 11.0pt
 -> ptmbi7t
Requested font "ptmr7t" at 12.0pt
 -> ptmr7t
LaTeX Font Info:    Font shape `OT1/ptm/bx/n' in size <12> not available
(Font)              Font shape `OT1/ptm/b/n' tried instead on input line 724.
Requested font "ptmb7t" at 12.0pt
 -> ptmb7t
Requested font "ptmri7t" at 12.0pt
 -> ptmri7t
LaTeX Font Info:    Font shape `OT1/ptm/bx/it' in size <12> not available
(Font)              Font shape `OT1/ptm/b/it' tried instead on input line 724.
Requested font "ptmbi7t" at 12.0pt
 -> ptmbi7t
Requested font "ptmr7t" at 17.0pt
 -> ptmr7t
LaTeX Font Info:    Font shape `OT1/ptm/bx/n' in size <17> not available
(Font)              Font shape `OT1/ptm/b/n' tried instead on input line 724.
Requested font "ptmb7t" at 17.0pt
 -> ptmb7t
Requested font "ptmri7t" at 17.0pt
 -> ptmri7t
LaTeX Font Info:    Font shape `OT1/ptm/bx/it' in size <17> not available
(Font)              Font shape `OT1/ptm/b/it' tried instead on input line 724.
Requested font "ptmbi7t" at 17.0pt
 -> ptmbi7t
Requested font "ptmr7t" at 20.0pt
 -> ptmr7t
LaTeX Font Info:    Font shape `OT1/ptm/bx/n' in size <20> not available
(Font)              Font shape `OT1/ptm/b/n' tried instead on input line 724.
Requested font "ptmb7t" at 20.0pt
 -> ptmb7t
Requested font "ptmri7t" at 20.0pt
 -> ptmri7t
LaTeX Font Info:    Font shape `OT1/ptm/bx/it' in size <20> not available
(Font)              Font shape `OT1/ptm/b/it' tried instead on input line 724.
Requested font "ptmbi7t" at 20.0pt
 -> ptmbi7t
Requested font "ptmr7t" at 24.0pt
 -> ptmr7t
LaTeX Font Info:    Font shape `OT1/ptm/bx/n' in size <24> not available
(Font)              Font shape `OT1/ptm/b/n' tried instead on input line 724.
Requested font "ptmb7t" at 24.0pt
 -> ptmb7t
Requested font "ptmri7t" at 24.0pt
 -> ptmri7t
LaTeX Font Info:    Font shape `OT1/ptm/bx/it' in size <24> not available
(Font)              Font shape `OT1/ptm/b/it' tried instead on input line 724.
Requested font "ptmbi7t" at 24.0pt
 -> ptmbi7t
\IEEEilabelindentA=\dimen108
\IEEEilabelindentB=\dimen109
\IEEEilabelindent=\dimen110
\IEEEelabelindent=\dimen111
\IEEEdlabelindent=\dimen112
\IEEElabelindent=\dimen113
\IEEEiednormlabelsep=\dimen114
\IEEEiedmathlabelsep=\dimen115
\IEEEiedtopsep=\skip41
\c@section=\count82
\c@subsection=\count83
\c@subsubsection=\count84
\c@paragraph=\count85
\c@IEEEsubequation=\count86
\abovecaptionskip=\skip42
\belowcaptionskip=\skip43
\c@figure=\count87
\c@table=\count88
\@IEEEeqnnumcols=\count89
\@IEEEeqncolcnt=\count90
\@IEEEtmpitemindent=\dimen116
\c@IEEEbiography=\count91
\@IEEEtranrubishbin=\box26
)
(E:\Programs\Normal\Offline\Editor\CTeX\MiKTeX\tex\latex\jknappen\mathrsfs.sty
Package: mathrsfs 1996/01/01 Math RSFS package v1.0 (jk)
\symrsfs=\mathgroup4
) (E:\Programs\Normal\Offline\Editor\CTeX\MiKTeX\tex\latex\amsfonts\amssymb.sty
Package: amssymb 2009/06/22 v3.00

(E:\Programs\Normal\Offline\Editor\CTeX\MiKTeX\tex\latex\amsfonts\amsfonts.sty
Package: amsfonts 2009/06/22 v3.00 Basic AMSFonts support
\@emptytoks=\toks15
\symAMSa=\mathgroup5
\symAMSb=\mathgroup6
LaTeX Font Info:    Overwriting math alphabet `\mathfrak' in version `bold'
(Font)                  U/euf/m/n --> U/euf/b/n on input line 96.
)) (E:\Programs\Normal\Offline\Editor\CTeX\MiKTeX\tex\latex\ams\math\amsmath.st
y
Package: amsmath 2000/07/18 v2.13 AMS math features
\@mathmargin=\skip44
For additional information on amsmath, use the `?' option.
(E:\Programs\Normal\Offline\Editor\CTeX\MiKTeX\tex\latex\ams\math\amstext.sty
Package: amstext 2000/06/29 v2.01

(E:\Programs\Normal\Offline\Editor\CTeX\MiKTeX\tex\latex\ams\math\amsgen.sty
File: amsgen.sty 1999/11/30 v2.0
\@emptytoks=\toks16
\ex@=\dimen117
))
(E:\Programs\Normal\Offline\Editor\CTeX\MiKTeX\tex\latex\ams\math\amsbsy.sty
Package: amsbsy 1999/11/29 v1.2d
\pmbraise@=\dimen118
)
(E:\Programs\Normal\Offline\Editor\CTeX\MiKTeX\tex\latex\ams\math\amsopn.sty
Package: amsopn 1999/12/14 v2.01 operator names
)
\inf@bad=\count92
LaTeX Info: Redefining \frac on input line 211.
\uproot@=\count93
\leftroot@=\count94
LaTeX Info: Redefining \overline on input line 307.
\classnum@=\count95
\DOTSCASE@=\count96
LaTeX Info: Redefining \ldots on input line 379.
LaTeX Info: Redefining \dots on input line 382.
LaTeX Info: Redefining \cdots on input line 467.
\Mathstrutbox@=\box27
\strutbox@=\box28
\big@size=\dimen119
LaTeX Font Info:    Redeclaring font encoding OML on input line 567.
LaTeX Font Info:    Redeclaring font encoding OMS on input line 568.
\macc@depth=\count97
\c@MaxMatrixCols=\count98
\dotsspace@=\muskip10
\c@parentequation=\count99
\dspbrk@lvl=\count100
\tag@help=\toks17
\row@=\count101
\column@=\count102
\maxfields@=\count103
\andhelp@=\toks18
\eqnshift@=\dimen120
\alignsep@=\dimen121
\tagshift@=\dimen122
\tagwidth@=\dimen123
\totwidth@=\dimen124
\lineht@=\dimen125
\@envbody=\toks19
\multlinegap=\skip45
\multlinetaggap=\skip46
\mathdisplay@stack=\toks20
LaTeX Info: Redefining \[ on input line 2666.
LaTeX Info: Redefining \] on input line 2667.
)
(E:\Programs\Normal\Offline\Editor\CTeX\MiKTeX\tex\latex\ams\classes\amsthm.sty
Package: amsthm 2004/08/06 v2.20
\thm@style=\toks21
\thm@bodyfont=\toks22
\thm@headfont=\toks23
\thm@notefont=\toks24
\thm@headpunct=\toks25
\thm@preskip=\skip47
\thm@postskip=\skip48
\thm@headsep=\skip49
\dth@everypar=\toks26
) (E:\Programs\Normal\Offline\Editor\CTeX\MiKTeX\tex\latex\tools\multicol.sty
Package: multicol 2011/06/27 v1.7a multicolumn formatting (FMi)
\c@tracingmulticols=\count104
\mult@box=\box29
\multicol@leftmargin=\dimen126
\c@unbalance=\count105
\c@collectmore=\count106
\doublecol@number=\count107
\multicoltolerance=\count108
\multicolpretolerance=\count109
\full@width=\dimen127
\page@free=\dimen128
\premulticols=\dimen129
\postmulticols=\dimen130
\multicolsep=\skip50
\multicolbaselineskip=\skip51
\partial@page=\box30
\last@line=\box31
\mult@rightbox=\box32
\mult@grightbox=\box33
\mult@gfirstbox=\box34
\mult@firstbox=\box35
\@tempa=\box36
\@tempa=\box37
\@tempa=\box38
\@tempa=\box39
\@tempa=\box40
\@tempa=\box41
\@tempa=\box42
\@tempa=\box43
\@tempa=\box44
\@tempa=\box45
\@tempa=\box46
\@tempa=\box47
\@tempa=\box48
\@tempa=\box49
\@tempa=\box50
\@tempa=\box51
\@tempa=\box52
\c@columnbadness=\count110
\c@finalcolumnbadness=\count111
\last@try=\dimen131
\multicolovershoot=\dimen132
\multicolundershoot=\dimen133
\mult@nat@firstbox=\box53
\colbreak@box=\box54
\multicol@sort@counter=\count112
)
(E:\Programs\Normal\Offline\Editor\CTeX\MiKTeX\tex\latex\comment\comment.sty
\CommentStream=\write3

Excluding comment 'comment')
(E:\Programs\Normal\Offline\Editor\CTeX\MiKTeX\tex\latex\graphics\graphics.sty
Package: graphics 2009/02/05 v1.0o Standard LaTeX Graphics (DPC,SPQR)

(E:\Programs\Normal\Offline\Editor\CTeX\MiKTeX\tex\latex\graphics\trig.sty
Package: trig 1999/03/16 v1.09 sin cos tan (DPC)
)
(E:\Programs\Normal\Offline\Editor\CTeX\MiKTeX\tex\latex\00miktex\graphics.cfg
File: graphics.cfg 2007/01/18 v1.5 graphics configuration of teTeX/TeXLive
)
Package graphics Info: Driver file: xetex.def on input line 91.
(E:\Programs\Normal\Offline\Editor\CTeX\MiKTeX\tex\xelatex\xetex-def\xetex.def
File: xetex.def 2009/11/22 v0.94 LaTeX color/graphics driver for XeTeX (RRM/JK)

)) (E:\Programs\Normal\Offline\Editor\CTeX\MiKTeX\tex\latex\picins\picins.sty
Option `picins' Version 3.0 Sep. 1992, TH Darmstadt/HRZ
\@BILD=\box55
\@TEXT=\box56
\d@breite=\dimen134
\d@hoehe=\dimen135
\d@xoff=\dimen136
\d@yoff=\dimen137
\d@shad=\dimen138
\d@dash=\dimen139
\d@boxl=\dimen140
\d@pichskip=\dimen141
\d@tmp=\dimen142
\d@tmpa=\dimen143
\d@bskip=\dimen144
\hsiz@=\dimen145
\p@getot@l=\dimen146
\c@breite=\count113
\c@hoehe=\count114
\c@xoff=\count115
\c@yoff=\count116
\c@pos=\count117
\c@shad=\count118
\c@dash=\count119
\c@boxl=\count120
\c@zeilen=\count121
\@changemode=\count122
\c@piccaption=\count123
\c@piccaptionpos=\count124
\c@picpos=\count125
\c@whole=\count126
\c@half=\count127
\c@tmp=\count128
\c@tmpa=\count129
\c@tmpb=\count130
\c@tmpc=\count131
\c@tmpd=\count132
\d@leftskip=\skip52
\ptoti=\dimen147
\ptotii=\dimen148
\env@box=\box57
\d@envdp=\dimen149
\c@hsize=\count133
\c@envdp=\count134
\d@envb=\dimen150
)
(E:\Programs\Normal\Offline\Editor\CTeX\MiKTeX\tex\latex\graphics\graphicx.sty
Package: graphicx 1999/02/16 v1.0f Enhanced LaTeX Graphics (DPC,SPQR)

(E:\Programs\Normal\Offline\Editor\CTeX\MiKTeX\tex\latex\graphics\keyval.sty
Package: keyval 1999/03/16 v1.13 key=value parser (DPC)
\KV@toks@=\toks27
)
\Gin@req@height=\dimen151
\Gin@req@width=\dimen152
)
(E:\Programs\Normal\Offline\Editor\CTeX\MiKTeX\tex\latex\subfigure\subfigure.st
y
Package: subfigure 2002/07/30 v2.1.4 subfigure package
\subfigtopskip=\skip53
\subfigcapskip=\skip54
\subfigcaptopadj=\dimen153
\subfigbottomskip=\skip55
\subfigcapmargin=\dimen154
\subfiglabelskip=\skip56
\c@subfigure=\count135
\c@lofdepth=\count136
\c@subtable=\count137
\c@lotdepth=\count138

****************************************
* Local config file subfigure.cfg used *
****************************************

(E:\Programs\Normal\Offline\Editor\CTeX\MiKTeX\tex\latex\subfigure\subfigure.cf
g)
\subfig@top=\skip57
\subfig@bottom=\skip58
)
\c@Theo=\count139
\c@Lemm=\count140

(E:\Programs\Normal\Offline\Editor\CTeX\MiKTeX\tex\latex\multirow\multirow.sty
\bigstrutjot=\dimen155
) (E:\Programs\Normal\Offline\Editor\CTeX\MiKTeX\tex\latex\hyperref\hyperref.st
y
Package: hyperref 2012/02/06 v6.82o Hypertext links for LaTeX

(E:\Programs\Normal\Offline\Editor\CTeX\MiKTeX\tex\generic\oberdiek\hobsub-hype
rref.sty
Package: hobsub-hyperref 2011/04/23 v1.4 Bundle oberdiek, subset hyperref (HO)

(E:\Programs\Normal\Offline\Editor\CTeX\MiKTeX\tex\generic\oberdiek\hobsub-gene
ric.sty
Package: hobsub-generic 2011/04/23 v1.4 Bundle oberdiek, subset generic (HO)
Package: hobsub 2011/04/23 v1.4 Subsetting bundle oberdiek (HO)
Package: infwarerr 2010/04/08 v1.3 Providing info/warning/message (HO)
Package: ltxcmds 2011/04/18 v1.20 LaTeX kernel commands for general use (HO)
Package: ifluatex 2010/03/01 v1.3 Provides the ifluatex switch (HO)
Package ifluatex Info: LuaTeX not detected.
Package: ifvtex 2010/03/01 v1.5 Switches for detecting VTeX and its modes (HO)
Package ifvtex Info: VTeX not detected.
Package: intcalc 2007/09/27 v1.1 Expandable integer calculations (HO)
Package: ifpdf 2011/01/30 v2.3 Provides the ifpdf switch (HO)
Package ifpdf Info: pdfTeX in PDF mode is not detected.
Package: etexcmds 2011/02/16 v1.5 Prefix for e-TeX command names (HO)
Package etexcmds Info: Could not find \expanded.
(etexcmds)             That can mean that you are not using pdfTeX 1.50 or
(etexcmds)             that some package has redefined \expanded.
(etexcmds)             In the latter case, load this package earlier.
Package: kvsetkeys 2011/04/07 v1.13 Key value parser (HO)
Package: kvdefinekeys 2011/04/07 v1.3 Defining keys (HO)
Package: pdftexcmds 2011/04/22 v0.16 Utilities of pdfTeX for LuaTeX (HO)
Package pdftexcmds Info: LuaTeX not detected.
Package pdftexcmds Info: pdfTeX >= 1.30 not detected.
Package pdftexcmds Info: \pdf@primitive is available.
Package pdftexcmds Info: \pdf@ifprimitive is available.
Package pdftexcmds Info: \pdfdraftmode not found.
Package: pdfescape 2011/04/04 v1.12 Provides string conversions (HO)
Package: bigintcalc 2011/01/30 v1.2 Expandable big integer calculations (HO)
Package: bitset 2011/01/30 v1.1 Data type bit set (HO)
Package: uniquecounter 2011/01/30 v1.2 Provides unlimited unique counter (HO)
)
Package hobsub Info: Skipping package `hobsub' (already loaded).
Package: letltxmacro 2010/09/02 v1.4 Let assignment for LaTeX macros (HO)
Package: hopatch 2011/01/30 v1.0 Wrapper for package hooks (HO)
Package: xcolor-patch 2011/01/30 xcolor patch
Package: atveryend 2011/04/23 v1.7 Hooks at very end of document (HO)
Package: atbegshi 2011/01/30 v1.15 At begin shipout hook (HO)
Package: refcount 2010/12/01 v3.2 Data extraction from references (HO)
Package: hycolor 2011/01/30 v1.7 Color options of hyperref/bookmark (HO)
)
(E:\Programs\Normal\Offline\Editor\CTeX\MiKTeX\tex\generic\ifxetex\ifxetex.sty
Package: ifxetex 2010/09/12 v0.6 Provides ifxetex conditional
)
(E:\Programs\Normal\Offline\Editor\CTeX\MiKTeX\tex\latex\oberdiek\kvoptions.sty
Package: kvoptions 2010/12/23 v3.10 Keyval support for LaTeX options (HO)
)
\@linkdim=\dimen156
\Hy@linkcounter=\count141
\Hy@pagecounter=\count142
 (E:\Programs\Normal\Offline\Editor\CTeX\MiKTeX\tex\latex\hyperref\pd1enc.def
File: pd1enc.def 2012/02/06 v6.82o Hyperref: PDFDocEncoding definition (HO)
)
\Hy@SavedSpaceFactor=\count143
(E:\Programs\Normal\Offline\Editor\CTeX\MiKTeX\tex\latex\00miktex\hyperref.cfg
File: hyperref.cfg 2002/06/06 v1.2 hyperref configuration of TeXLive
)
Package hyperref Info: Option `colorlinks' set `true' on input line 3925.
Package hyperref Info: Hyper figures OFF on input line 4046.
Package hyperref Info: Link nesting OFF on input line 4051.
Package hyperref Info: Hyper index ON on input line 4054.
Package hyperref Info: Plain pages OFF on input line 4061.
Package hyperref Info: Backreferencing ON on input line 4064.
Package hyperref Info: Implicit mode ON; LaTeX internals redefined.
Package hyperref Info: Bookmarks ON on input line 4284.
(E:\Programs\Normal\Offline\Editor\CTeX\MiKTeX\tex\latex\hyperref\backref.sty
Package: backref 2010/08/30 v1.36 Bibliographical back referencing

(E:\Programs\Normal\Offline\Editor\CTeX\MiKTeX\tex\latex\oberdiek\rerunfilechec
k.sty
Package: rerunfilecheck 2011/04/15 v1.7 Rerun checks for auxiliary files (HO)
Package rerunfilecheck Info: Feature \pdfmdfivesum is not available
(rerunfilecheck)             (e.g. pdfTeX or LuaTeX with package `pdftexcmds').

(rerunfilecheck)             Therefore file contents cannot be checked efficien
tly
(rerunfilecheck)             and the loading of the package is aborted.
))
\c@Hy@tempcnt=\count144

(E:\Programs\Normal\Offline\Editor\CTeX\MiKTeX\tex\xelatex\xetexurl\url.sty
\Urlmuskip=\muskip11
Package: url 2004/03/15  ver 3.1  Verb mode for urls, etc.
)
LaTeX Info: Redefining \url on input line 4637.
\Fld@menulength=\count145
\Field@Width=\dimen157
\Fld@charsize=\dimen158
Package hyperref Info: Hyper figures OFF on input line 5757.
Package hyperref Info: Link nesting OFF on input line 5762.
Package hyperref Info: Hyper index ON on input line 5765.
Package hyperref Info: backreferencing ON on input line 5770.
Package hyperref Info: Link coloring ON on input line 5775.
Package hyperref Info: Link coloring with OCG OFF on input line 5782.
Package hyperref Info: PDF/A mode OFF on input line 5787.
LaTeX Info: Redefining \ref on input line 5827.
LaTeX Info: Redefining \pageref on input line 5831.
\Hy@abspage=\count146
\c@Item=\count147
\c@Hfootnote=\count148
)

Package hyperref Message: Driver: hxetex.

(E:\Programs\Normal\Offline\Editor\CTeX\MiKTeX\tex\latex\hyperref\hxetex.def
File: hxetex.def 2012/02/06 v6.82o Hyperref driver for XeTeX

(E:\Programs\Normal\Offline\Editor\CTeX\MiKTeX\tex\latex\hyperref\puenc.def
File: puenc.def 2012/02/06 v6.82o Hyperref: PDF Unicode definition (HO)
)
(E:\Programs\Normal\Offline\Editor\CTeX\MiKTeX\tex\generic\oberdiek\stringenc.s
ty
Package: stringenc 2010/03/01 v1.8 Converts strings between encodings (HO)
)
\pdfm@box=\box58
\c@Hy@AnnotLevel=\count149
\HyField@AnnotCount=\count150
\Fld@listcount=\count151
\c@bookmark@seq@number=\count152
\Hy@SectionHShift=\skip59
) (E:\Programs\Normal\Offline\Editor\CTeX\MiKTeX\tex\latex\tools\array.sty
Package: array 2008/09/09 v2.4c Tabular extension package (FMi)
\col@sep=\dimen159
\extrarowheight=\dimen160
\NC@list=\toks28
\extratabsurround=\skip60
\backup@length=\skip61
)
(E:\Programs\Normal\Offline\Editor\CTeX\MiKTeX\tex\latex\sttools\stfloats.sty
Package: stfloats 1999/10/22
\@dblbotnum=\count153
\c@dblbotnumber=\count154
)
(E:\Programs\Normal\Offline\Editor\CTeX\MiKTeX\tex\latex\tools\tabularx.sty
Package: tabularx 1999/01/07 v2.07 `tabularx' package (DPC)
\TX@col@width=\dimen161
\TX@old@table=\dimen162
\TX@old@col=\dimen163
\TX@target=\dimen164
\TX@delta=\dimen165
\TX@cols=\count155
\TX@ftn=\toks29
)
(E:\Programs\Normal\Offline\Editor\CTeX\MiKTeX\tex\latex\float\float.sty
Package: float 2001/11/08 v1.3d Float enhancements (AL)
\c@float@type=\count156
\float@exts=\toks30
\float@box=\box59
\@float@everytoks=\toks31
\@floatcapt=\box60
)
(E:\Programs\Normal\Offline\Editor\CTeX\MiKTeX\tex\latex\algorithm2e\algorithm2
e.sty
Invalid UTF-8 byte or sequence at line 322 replaced by U+FFFD.
Package: algorithm2e 2008/00/00 v3.10 algorithms environments
\c@AlgoLine=\count157
 (E:\Programs\Normal\Offline\Editor\CTeX\MiKTeX\tex\latex\base\ifthen.sty
Package: ifthen 2001/05/26 v1.1c Standard LaTeX ifthen package (DPC)
)
Invalid UTF-8 byte or sequence at line 778 replaced by U+FFFD.
Invalid UTF-8 byte or sequence at line 780 replaced by U+FFFD.
(E:\Programs\Normal\Offline\Editor\CTeX\MiKTeX\tex\latex\tools\xspace.sty
Package: xspace 2009/10/20 v1.13 Space after command names (DPC,MH)
)
(E:\Programs\Normal\Offline\Editor\CTeX\MiKTeX\tex\latex\ltxmisc\relsize.sty
Package: relsize 2003/07/04 ver 3.1
)
********************************************************
Package `algorithm2e' Release 4.01 -- december 14 2009 --
- algorithm2e-announce@lirmm.fr mailing list for announcement about releases
- algorithm2e-discussion@lirmm.fr mailing list for discussion about package
subscribe by emailing sympa@lirmm.fr with 'subscribe <list> <firstname name>'
- Author: Christophe Fiorio (fiorio@lirmm.fr)
********************************************************
\skiptotal=\skip62
\skiplinenumber=\skip63
\skiprule=\skip64
\skiphlne=\skip65
\skiptext=\skip66
\skiplength=\skip67
\algomargin=\skip68
\skipalgocfslide=\skip69
\algowidth=\dimen166
\inoutsize=\dimen167
\inoutline=\dimen168
\interspacetitleruled=\dimen169
\interspacealgoruled=\dimen170
\interspacetitleboxruled=\dimen171
\algocf@inoutbox=\box61
\algocf@inputbox=\box62
\AlCapSkip=\skip70
\AlCapHSkip=\skip71
\algocf@nlbox=\box63
\algocf@hangingbox=\box64
\algocf@capbox=\box65
\algoheightruledefault=\skip72
\algoheightrule=\skip73
\algotitleheightruledefault=\skip74
\algotitleheightrule=\skip75
\c@algocfline=\count158
\c@algocfproc=\count159
\c@algocf=\count160
\algocf@algoframe=\box66
\algocf@algobox=\box67
Invalid UTF-8 byte or sequence at line 2420 replaced by U+FFFD.
Invalid UTF-8 byte or sequence at line 2501 replaced by U+FFFD.
Invalid UTF-8 byte or sequence at line 2509 replaced by U+FFFD.
Invalid UTF-8 byte or sequence at line 2509 replaced by U+FFFD.
Invalid UTF-8 byte or sequence at line 2532 replaced by U+FFFD.
Invalid UTF-8 byte or sequence at line 2584 replaced by U+FFFD.
Invalid UTF-8 byte or sequence at line 2592 replaced by U+FFFD.
Invalid UTF-8 byte or sequence at line 2592 replaced by U+FFFD.
) (E:\Programs\Normal\Offline\Editor\CTeX\MiKTeX\tex\latex\siunitx\siunitx.sty
(E:\Programs\Normal\Offline\Editor\CTeX\MiKTeX\tex\latex\l3kernel\expl3.sty
(E:\Programs\Normal\Offline\Editor\CTeX\MiKTeX\tex\latex\l3kernel\l3names.sty
(E:\Programs\Normal\Offline\Editor\CTeX\MiKTeX\tex\latex\l3kernel\l3bootstrap.s
ty
Package: l3bootstrap 2011/12/29 v3110 L3 Experimental bootstrap code
)
Package: l3names 2011/12/30 v3113 L3 Experimental namespace for primitives
) (E:\Programs\Normal\Offline\Editor\CTeX\MiKTeX\tex\latex\misc\etex.sty
Package: etex 1998/03/26 v2.0 eTeX basic definition package (PEB)
\et@xins=\count161
)
Package: expl3 2012/02/26 v3471 L3 Experimental code bundle wrapper

(E:\Programs\Normal\Offline\Editor\CTeX\MiKTeX\tex\latex\graphics\color.sty
Package: color 2005/11/14 v1.0j Standard LaTeX Color (DPC)

(E:\Programs\Normal\Offline\Editor\CTeX\MiKTeX\tex\latex\00miktex\color.cfg
File: color.cfg 2007/01/18 v1.5 color configuration of teTeX/TeXLive
)
Package color Info: Driver file: xetex.def on input line 130.
)
(E:\Programs\Normal\Offline\Editor\CTeX\MiKTeX\tex\latex\l3kernel\l3basics.sty
Package: l3basics 2012/02/26 v3460 L3 Experimental basic definitions
) (E:\Programs\Normal\Offline\Editor\CTeX\MiKTeX\tex\latex\l3kernel\l3expan.sty
Package: l3expan 2012/02/26 v3460 L3 Experimental argument expansion
) (E:\Programs\Normal\Offline\Editor\CTeX\MiKTeX\tex\latex\l3kernel\l3tl.sty
Package: l3tl 2012/02/26 v3460 L3 Experimental token lists
)
(E:\Programs\Normal\Offline\Editor\CTeX\MiKTeX\tex\latex\l3kernel\l3seq.sty
Package: l3seq 2012/01/09 v3158 L3 Experimental sequences and stacks
)
(E:\Programs\Normal\Offline\Editor\CTeX\MiKTeX\tex\latex\l3kernel\l3int.sty
Package: l3int 2012/02/26 v3460 L3 Experimental integers
\c_max_int=\count162
\l_tmpa_int=\count163
\l_tmpb_int=\count164
\l_tmpc_int=\count165
\g_tmpa_int=\count166
\g_tmpb_int=\count167
)
(E:\Programs\Normal\Offline\Editor\CTeX\MiKTeX\tex\latex\l3kernel\l3quark.sty
Package: l3quark 2012/02/12 v3384 L3 Experimental quarks
)
(E:\Programs\Normal\Offline\Editor\CTeX\MiKTeX\tex\latex\l3kernel\l3prg.sty
Package: l3prg 2012/02/26 v3464 L3 Experimental control structures
\g_prg_map_int=\count168
)
(E:\Programs\Normal\Offline\Editor\CTeX\MiKTeX\tex\latex\l3kernel\l3clist.sty
Package: l3clist 2012/02/26 v3460 L3 Experimental comma separated lists
)
(E:\Programs\Normal\Offline\Editor\CTeX\MiKTeX\tex\latex\l3kernel\l3token.sty
Package: l3token 2012/02/26 v3460 L3 Experimental token manipulation
)
(E:\Programs\Normal\Offline\Editor\CTeX\MiKTeX\tex\latex\l3kernel\l3prop.sty
Package: l3prop 2012/02/26 v3460 L3 Experimental property lists
)
(E:\Programs\Normal\Offline\Editor\CTeX\MiKTeX\tex\latex\l3kernel\l3msg.sty
Package: l3msg 2012/02/26 v3470 L3 Experimental messages
)
(E:\Programs\Normal\Offline\Editor\CTeX\MiKTeX\tex\latex\l3kernel\l3file.sty
Package: l3file 2012/02/26 v3464 L3 Experimental file and I/O operations
\l_iow_stream_int=\count169
\l_iow_line_length_int=\count170
\l_iow_target_length_int=\count171
\l_iow_current_line_int=\count172
\l_iow_current_word_int=\count173
\l_iow_current_indentation_int=\count174
)
(E:\Programs\Normal\Offline\Editor\CTeX\MiKTeX\tex\latex\l3kernel\l3skip.sty
Package: l3skip 2012/02/26 v3460 L3 Experimental dimensions and skips
\l_tmpa_dim=\dimen172
\l_tmpb_dim=\dimen173
\l_tmpc_dim=\dimen174
\g_tmpa_dim=\dimen175
\g_tmpb_dim=\dimen176
\l_tmpa_skip=\skip76
\l_tmpb_skip=\skip77
\l_tmpc_skip=\skip78
\g_tmpa_skip=\skip79
\g_tmpb_skip=\skip80
)
(E:\Programs\Normal\Offline\Editor\CTeX\MiKTeX\tex\latex\l3kernel\l3keys.sty
Package: l3keys 2011/12/22 v3086 L3 Experimental key-value interfaces
\g_keyval_level_int=\count175
\l_keys_choice_int=\count176
)
(E:\Programs\Normal\Offline\Editor\CTeX\MiKTeX\tex\latex\l3kernel\l3fp.sty
Package: l3fp 2012/02/06 v3315 L3 Experimental floating-point operations
\c_one_hundred_million=\count177
\c_five_hundred_million=\count178
\c_one_thousand_million=\count179
\c_fp_pi_by_four_decimal_int=\count180
\c_fp_pi_by_four_extended_int=\count181
\c_fp_pi_decimal_int=\count182
\c_fp_pi_extended_int=\count183
\c_fp_two_pi_decimal_int=\count184
\c_fp_two_pi_extended_int=\count185
\l_fp_count_int=\count186
\l_fp_div_offset_int=\count187
\l_fp_exp_integer_int=\count188
\l_fp_exp_decimal_int=\count189
\l_fp_exp_extended_int=\count190
\l_fp_exp_exponent_int=\count191
\l_fp_input_a_sign_int=\count192
\l_fp_input_a_integer_int=\count193
\l_fp_input_a_decimal_int=\count194
\l_fp_input_a_exponent_int=\count195
\l_fp_input_b_sign_int=\count196
\l_fp_input_b_integer_int=\count197
\l_fp_input_b_decimal_int=\count198
\l_fp_input_b_exponent_int=\count199
\l_fp_input_a_extended_int=\count200
\l_fp_input_b_extended_int=\count201
Normal \count register pool exhausted, switching to extended pool.
\l_fp_mul_a_i_int=\count277
\l_fp_mul_a_ii_int=\count278
\l_fp_mul_a_iii_int=\count279
\l_fp_mul_a_iv_int=\count280
\l_fp_mul_a_v_int=\count281
\l_fp_mul_a_vi_int=\count282
\l_fp_mul_b_i_int=\count283
\l_fp_mul_b_ii_int=\count284
\l_fp_mul_b_iii_int=\count285
\l_fp_mul_b_iv_int=\count286
\l_fp_mul_b_v_int=\count287
\l_fp_mul_b_vi_int=\count288
\l_fp_mul_output_int=\count289
\l_fp_output_sign_int=\count290
\l_fp_output_integer_int=\count291
\l_fp_output_decimal_int=\count292
\l_fp_output_exponent_int=\count293
\l_fp_output_extended_int=\count294
\l_fp_round_position_int=\count295
\l_fp_round_target_int=\count296
\l_fp_split_sign_int=\count297
\l_fp_internal_int=\count298
\l_fp_trig_octant_int=\count299
\l_fp_trig_sign_int=\count300
\l_fp_trig_decimal_int=\count301
\l_fp_trig_extended_int=\count302
\l_fp_internal_dim=\dimen177
\l_fp_internal_skip=\skip81
)
(E:\Programs\Normal\Offline\Editor\CTeX\MiKTeX\tex\latex\l3kernel\l3box.sty
Package: l3box 2012/02/18 v3432 L3 Experimental boxes
\l_tmpb_box=\box68
\l_box_top_dim=\dimen178
\l_box_bottom_dim=\dimen179
\l_box_left_dim=\dimen180
\l_box_right_dim=\dimen181
\l_box_top_new_dim=\dimen182
\l_box_bottom_new_dim=\dimen183
\l_box_left_new_dim=\dimen184
\l_box_right_new_dim=\dimen185
\l_box_internal_box=\box69
)
(E:\Programs\Normal\Offline\Editor\CTeX\MiKTeX\tex\latex\l3kernel\l3coffins.sty
Package: l3coffins 2012/02/26 v3460 L3 Experimental coffin code layer
\l_coffin_internal_box=\box70
\l_coffin_internal_dim=\dimen186
\l_coffin_offset_x_dim=\dimen187
\l_coffin_offset_y_dim=\dimen188
\l_coffin_x_dim=\dimen189
\l_coffin_y_dim=\dimen190
\l_coffin_x_prime_dim=\dimen191
\l_coffin_y_prime_dim=\dimen192
\l_coffin_Depth_dim=\dimen193
\l_coffin_Height_dim=\dimen194
\l_coffin_TotalHeight_dim=\dimen195
\l_coffin_Width_dim=\dimen196
\c_empty_coffin=\box71
\l_coffin_aligned_coffin=\box72
\l_coffin_aligned_internal_coffin=\box73
\l_coffin_bounding_shift_dim=\dimen197
\l_coffin_left_corner_dim=\dimen198
\l_coffin_right_corner_dim=\dimen199
\l_coffin_bottom_corner_dim=\dimen200
\l_coffin_top_corner_dim=\dimen201
Normal \dimen register pool exhausted, switching to extended pool.
\l_coffin_scaled_total_height_dim=\dimen256
\l_coffin_scaled_width_dim=\dimen257
\l_coffin_display_coffin=\box74
\l_coffin_display_coord_coffin=\box75
\l_coffin_display_pole_coffin=\box76
\l_coffin_display_offset_dim=\dimen258
\l_coffin_display_x_dim=\dimen259
\l_coffin_display_y_dim=\dimen260
) (E:\Programs\Normal\Offline\Editor\CTeX\MiKTeX\tex\latex\l3kernel\l3color.sty
Package: l3color 2011/09/07 v2776 L3 Experimental colour support
)
(E:\Programs\Normal\Offline\Editor\CTeX\MiKTeX\tex\latex\l3kernel\l3luatex.sty
Package: l3luatex 2012/02/09 v3355 L3 Experimental LuaTeX-specific functions
\g_cctab_allocate_int=\count303
\g_cctab_stack_int=\count304
))
Package: siunitx 2012/01/26 v2.4j A comprehensive (SI) units package

(E:\Programs\Normal\Offline\Editor\CTeX\MiKTeX\tex\latex\l3packages\l3keys2e\l3
keys2e.sty
(E:\Programs\Normal\Offline\Editor\CTeX\MiKTeX\tex\latex\l3packages\xparse\xpar
se.sty
Package: xparse 2012/02/26 v3471 L3 Experimental document command parser
\l_xparse_current_arg_int=\count305
\l_xparse_m_args_int=\count306
\l_xparse_mandatory_args_int=\count307
\l_xparse_processor_int=\count308
\l_xparse_v_nesting_int=\count309
)
Package: l3keys2e 2012/02/26 v3471 LaTeX2e option processing using LaTeX3 keys
)
\l_siunitx_tmp_box=\box77
\l_siunitx_tmp_dim=\dimen261
\l_siunitx_tmp_int=\count310
Variant \prop_get:NVNT already defined; not changing it on line 363
Variant \prop_get:NVNF already defined; not changing it on line 364
Variant \prop_get:NVNTF already defined; not changing it on line 365
\l_siunitx_number_mantissa_length_int=\count311
\l_siunitx_number_uncert_length_int=\count312
\l_siunitx_round_int=\count313
\l_siunitx_process_decimal_int=\count314
\l_siunitx_process_uncertainty_int=\count315
\l_siunitx_process_fixed_int=\count316
\l_siunitx_process_integer_min_int=\count317
\l_siunitx_process_precision_int=\count318
\l_siunitx_group_min_int=\count319
\l_siunitx_angle_marker_box=\box78
\l_siunitx_angle_unit_box=\box79
\l_siunitx_angle_marker_dim=\dimen262
\l_siunitx_angle_unit_dim=\dimen263
\l_siunitx_unit_int=\count320
\l_siunitx_unit_denominator_int=\count321
\l_siunitx_unit_numerator_int=\count322
\l_siunitx_unit_prefix_int=\count323
\l_siunitx_unit_prefix_base_int=\count324
\l_siunitx_unit_prefix_gram_int=\count325
\l_siunitx_number_product_int=\count326
\c_siunitx_one_fill_skip=\skip82
\l_siunitx_table_unit_align_skip=\skip83
\l_siunitx_table_exponent_dim=\dimen264
\l_siunitx_table_integer_dim=\dimen265
\l_siunitx_table_mantissa_dim=\dimen266
\l_siunitx_table_marker_dim=\dimen267
\l_siunitx_table_result_dim=\dimen268
\l_siunitx_table_uncert_dim=\dimen269
\l_siunitx_table_fill_pre_dim=\dimen270
\l_siunitx_table_fill_post_dim=\dimen271
\l_siunitx_table_fill_mid_dim=\dimen272
\l_siunitx_table_pre_box=\box80
\l_siunitx_table_post_box=\box81
\l_siunitx_table_mantissa_box=\box82
\l_siunitx_table_result_box=\box83
\l_siunitx_table_number_align_skip=\skip84
\l_siunitx_table_text_align_skip=\skip85
.................................................
. LaTeX info: "xparse/define-command"
. 
. Defining document command \DeclareBinaryPrefix with arg. spec. 'mmm' on line
. 6955.
.................................................
.................................................
. LaTeX info: "xparse/define-command"
. 
. Defining document command \DeclareSIPostPower with arg. spec. 'mm' on line
. 6958.
.................................................
.................................................
. LaTeX info: "xparse/define-command"
. 
. Defining document command \DeclareSIPrefix with arg. spec. 'mmm' on line
. 6961.
.................................................
.................................................
. LaTeX info: "xparse/define-command"
. 
. Defining document command \DeclareSIPrePower with arg. spec. 'mm' on line
. 6964.
.................................................
.................................................
. LaTeX info: "xparse/define-command"
. 
. Defining document command \DeclareSIQualifier with arg. spec. 'mm' on line
. 6967.
.................................................
.................................................
. LaTeX info: "xparse/define-command"
. 
. Defining document command \DeclareSIUnit with arg. spec. 'O{}mm' on line
. 6970.
.................................................
.................................................
. LaTeX info: "xparse/define-command"
. 
. Defining document command \DeclareSIUnitWithOptions with arg. spec. 'mmm' on
. line 6973.
.................................................
.................................................
. LaTeX info: "xparse/define-command"
. 
. Defining document command \ang with arg. spec. 'o>{\SplitArgument {2}{;}}m'
. on line 6988.
.................................................
.................................................
. LaTeX info: "xparse/define-command"
. 
. Defining document command \num with arg. spec. 'om' on line 6996.
.................................................
.................................................
. LaTeX info: "xparse/define-command"
. 
. Defining document command \numlist with arg. spec. 'o>{\SplitList {;}}m' on
. line 7004.
.................................................
.................................................
. LaTeX info: "xparse/define-command"
. 
. Defining document command \numrange with arg. spec. 'omm' on line 7012.
.................................................
.................................................
. LaTeX info: "xparse/define-command"
. 
. Defining document command \SIlist with arg. spec. 'o>{\SplitList {;}}mm' on
. line 7023.
.................................................
.................................................
. LaTeX info: "xparse/define-command"
. 
. Defining document command \SIrange with arg. spec. 'ommm' on line 7034.
.................................................
.................................................
. LaTeX info: "xparse/define-command"
. 
. Defining document command \SI with arg. spec. 'omom' on line 7045.
.................................................
.................................................
. LaTeX info: "xparse/define-command"
. 
. Defining document command \sisetup with arg. spec. 'm' on line 7048.
.................................................
.................................................
. LaTeX info: "xparse/define-command"
. 
. Defining document command \tablenum with arg. spec. 'om' on line 7060.
.................................................
.................................................
. LaTeX info: "xparse/define-command"
. 
. Defining document command \si with arg. spec. 'om' on line 7071.
.................................................
.................................................
. LaTeX info: "xparse/define-command"
. 
. Defining document command \siunitx_bookmark_num:w with arg. spec. 'om' on
. line 7115.
.................................................
.................................................
. LaTeX info: "xparse/define-command"
. 
. Defining document command \siunitx_bookmark_numrange:w with arg. spec. 'omm'
. on line 7117.
.................................................
.................................................
. LaTeX info: "xparse/define-command"
. 
. Defining document command \siunitx_bookmark_SI:w with arg. spec. 'omom' on
. line 7119.
.................................................
.................................................
. LaTeX info: "xparse/define-command"
. 
. Defining document command \siunitx_bookmark_SIlist:w with arg. spec. 'omm'
. on line 7121.
.................................................
.................................................
. LaTeX info: "xparse/define-command"
. 
. Defining document command \siunitx_bookmark_SIrange:w with arg. spec. 'ommm'
. on line 7123.
.................................................
.................................................
. LaTeX info: "xparse/define-command"
. 
. Defining document command \siunitx_bookmark_si:w with arg. spec. 'om' on
. line 7124.
.................................................
\g_ior_internal_ior=\read1

(E:\Programs\Normal\Offline\Editor\CTeX\MiKTeX\tex\latex\beamer\base\translator
\translator.sty
Package: translator 2010/06/12 ver 1.10

(E:\Programs\Normal\Offline\Editor\CTeX\MiKTeX\tex\latex\beamer\base\translator
\translator-language-mappings.tex)))
(E:\Programs\Normal\Offline\Editor\CTeX\MiKTeX\tex\latex\setspace\setspace.sty
Package: setspace 2011/12/19 v6.7a set line spacing
) ("E:\Documents\LaTeX Scripts\Excellent Sentences in Papers\Conclusion.aux")
LaTeX Font Info:    Checking defaults for OML/cmm/m/it on input line 24.
LaTeX Font Info:    ... okay on input line 24.
LaTeX Font Info:    Checking defaults for T1/cmr/m/n on input line 24.
LaTeX Font Info:    ... okay on input line 24.
LaTeX Font Info:    Checking defaults for OT1/cmr/m/n on input line 24.
LaTeX Font Info:    ... okay on input line 24.
LaTeX Font Info:    Checking defaults for OMS/cmsy/m/n on input line 24.
LaTeX Font Info:    ... okay on input line 24.
LaTeX Font Info:    Checking defaults for OMX/cmex/m/n on input line 24.
LaTeX Font Info:    ... okay on input line 24.
LaTeX Font Info:    Checking defaults for U/cmr/m/n on input line 24.
LaTeX Font Info:    ... okay on input line 24.
LaTeX Font Info:    Checking defaults for PD1/pdf/m/n on input line 24.
LaTeX Font Info:    ... okay on input line 24.
LaTeX Font Info:    Checking defaults for PU/pdf/m/n on input line 24.
LaTeX Font Info:    ... okay on input line 24.
\AtBeginShipoutBox=\box84
Package hyperref Info: Link coloring ON on input line 24.

(E:\Programs\Normal\Offline\Editor\CTeX\MiKTeX\tex\latex\hyperref\nameref.sty
Package: nameref 2010/04/30 v2.40 Cross-referencing by name of section

(E:\Programs\Normal\Offline\Editor\CTeX\MiKTeX\tex\generic\oberdiek\gettitlestr
ing.sty
Package: gettitlestring 2010/12/03 v1.4 Cleanup title references (HO)
)
\c@section@level=\count327
)
LaTeX Info: Redefining \ref on input line 24.
LaTeX Info: Redefining \pageref on input line 24.
LaTeX Info: Redefining \nameref on input line 24.

("E:\Documents\LaTeX Scripts\Excellent Sentences in Papers\Conclusion.out")
("E:\Documents\LaTeX Scripts\Excellent Sentences in Papers\Conclusion.out")
\@outlinefile=\write4

(E:\Programs\Normal\Offline\Editor\CTeX\MiKTeX\tex\latex\beamer\base\translator
\dicts\translator-basic-dictionary\translator-basic-dictionary-English.dict
Dictionary: translator-basic-dictionary, Language: English 
)
(E:\Programs\Normal\Offline\Editor\CTeX\MiKTeX\tex\latex\siunitx\config\siunitx
-abbreviations.cfg
File: siunitx-abbreviations.cfg 2012/01/26 v2.4j siunitx: Abbreviated units
)
(E:\Programs\Normal\Offline\Editor\CTeX\MiKTeX\tex\latex\siunitx\config\siunitx
-binary.cfg
File: siunitx-binary.cfg 2012/01/26 v2.4j siunitx: Binary units
)
\c_siunitx_mathsf_int=\count328
Requested font "cmex7" at 7.0pt
 -> cmex7
Requested font "cmex7" at 5.0pt
 -> cmex7
LaTeX Font Info:    Try loading font information for U+rsfs on input line 24.

(E:\Programs\Normal\Offline\Editor\CTeX\MiKTeX\tex\latex\jknappen\ursfs.fd
File: ursfs.fd 1998/03/24 rsfs font definition file (jk)
)
Requested font "rsfs10" at 10.0pt
 -> rsfs10
Requested font "rsfs7" at 7.0pt
 -> rsfs7
Requested font "rsfs5" at 5.0pt
 -> rsfs5
LaTeX Font Info:    Try loading font information for U+msa on input line 24.

(E:\Programs\Normal\Offline\Editor\CTeX\MiKTeX\tex\latex\amsfonts\umsa.fd
File: umsa.fd 2009/06/22 v3.00 AMS symbols A
)
Requested font "msam10" at 10.0pt
 -> msam10
Requested font "msam7" at 7.0pt
 -> msam7
Requested font "msam5" at 5.0pt
 -> msam5
LaTeX Font Info:    Try loading font information for U+msb on input line 24.

(E:\Programs\Normal\Offline\Editor\CTeX\MiKTeX\tex\latex\amsfonts\umsb.fd
File: umsb.fd 2009/06/22 v3.00 AMS symbols B
)
Requested font "msbm10" at 10.0pt
 -> msbm10
Requested font "msbm7" at 7.0pt
 -> msbm7
Requested font "msbm5" at 5.0pt
 -> msbm5
Requested font "cmss10" at 10.0pt
 -> cmss10
Requested font "cmss8" at 7.0pt
 -> cmss8
Requested font "cmss8" at 5.0pt
 -> cmss8
\c_siunitx_mathtt_int=\count329
Requested font "cmtt10" at 10.0pt
 -> cmtt10
Requested font "cmtt8" at 7.0pt
 -> cmtt8
Requested font "cmtt8" at 5.0pt
 -> cmtt8

("E:\Documents\LaTeX Scripts\Excellent Sentences in Papers\Conclusion.bbl"
("E:\Documents\LaTeX Scripts\Excellent Sentences in Papers\Conclusion.brf")
\tf@brf=\write5
Requested font "ptmrc7t" at 10.0pt
 -> ptmrc7t

(E:\Programs\Normal\Offline\Editor\CTeX\MiKTeX\tex\generic\oberdiek\se-ascii-pr
int.def
File: se-ascii-print.def 2010/03/01 v1.8 stringenc: Printable ASCII characters
))

** Conference Paper **
Before submitting the final camera ready copy, remember to:

 1. Manually equalize the lengths of two columns on the last page
 of your paper;

 2. Ensure that any PostScript and/or PDF output post-processing
 uses only Type 1 fonts and that every step in the generation
 process uses the appropriate paper size.

Package atveryend Info: Empty hook `BeforeClearDocument' on input line 36.
[1]
Package atveryend Info: Empty hook `AfterLastShipout' on input line 36.
 ("E:\Documents\LaTeX Scripts\Excellent Sentences in Papers\Conclusion.aux")
Package atveryend Info: Empty hook `AtVeryEndDocument' on input line 36.
Package atveryend Info: Empty hook `AtEndAfterFileList' on input line 36.
 ) 
Here is how much of TeX's memory you used:
 16924 strings out of 430478
 306410 string characters out of 3190726
 352079 words of memory out of 3000000
 19873 multiletter control sequences out of 15000+200000
 28959 words of font info for 72 fonts, out of 3000000 for 9000
 14 hyphenation exceptions out of 8191
 32i,5n,38p,276b,731s stack positions out of 5000i,500n,10000p,200000b,50000s

Output written on Conclusion.pdf (1 page).
